<?xml version="1.0" encoding="UTF-8"?>
<testng-results ignored="0" total="1" passed="1" failed="0" skipped="0">
  <reporter-output>
  </reporter-output>
  <suite started-at="2024-03-05T22:10:21 IST" name="Default suite" finished-at="2024-03-05T22:10:27 IST" duration-ms="6269">
    <groups>
    </groups>
    <test started-at="2024-03-05T22:10:21 IST" name="Default test" finished-at="2024-03-05T22:10:27 IST" duration-ms="6269">
      <class name="Qkart_2.Testing">
        <test-method is-config="true" signature="setup()[pri:0, instance:Qkart_2.Testing@f09733f]" started-at="2024-03-05T22:10:21 IST" name="setup" finished-at="2024-03-05T22:10:24 IST" duration-ms="2957" status="PASS">
          <reporter-output>
          </reporter-output>
        </test-method> <!-- setup -->
        <test-method is-config="true" signature="url()[pri:0, instance:Qkart_2.Testing@f09733f]" started-at="2024-03-05T22:10:24 IST" name="url" finished-at="2024-03-05T22:10:27 IST" duration-ms="3088" status="PASS">
          <reporter-output>
          </reporter-output>
        </test-method> <!-- url -->
        <test-method signature="test()[pri:0, instance:Qkart_2.Testing@f09733f]" started-at="2024-03-05T22:10:27 IST" name="test" finished-at="2024-03-05T22:10:27 IST" duration-ms="142" status="PASS">
          <reporter-output>
          </reporter-output>
        </test-method> <!-- test -->
      </class> <!-- Qkart_2.Testing -->
    </test> <!-- Default test -->
  </suite> <!-- Default suite -->
</testng-results>
